20:27:03,568  INFO Util:31 - Util.conectar - lendo arquivo util.properties: 
20:27:03,571  INFO Util:38 - sgbd => postgresql
20:27:03,571  INFO Util:39 - banco => quentinha
20:27:03,572  INFO Util:40 - ip => localhost
20:27:03,572  INFO Util:45 - configurando postgresql
20:27:03,594 DEBUG logging:38 - Logging Provider: org.jboss.logging.Log4jLoggerProvider
20:27:03,692  INFO LogHelper:31 - HHH000204: Processing PersistenceUnitInfo [name: hibernate-postgresql]
20:27:03,736  INFO Version:44 - HHH000412: Hibernate ORM core version 6.3.1.Final
20:27:03,767 DEBUG RegionFactoryInitiator:122 - Cannot default RegionFactory based on registered strategies as `[]` RegionFactory strategies were registered
20:27:03,768  INFO RegionFactoryInitiator:50 - HHH000026: Second-level cache disabled
20:27:04,007  WARN pooling:80 - HHH10001002: Using built-in connection pool (not intended for production use)
20:27:04,011  INFO pooling:135 - HHH10001005: Loaded JDBC driver class: org.postgresql.Driver
20:27:04,011  INFO pooling:157 - HHH10001012: Connecting with JDBC URL [jdbc:postgresql://localhost:5432/quentinha]
20:27:04,011  INFO pooling:166 - HHH10001001: Connection properties: {password=****, user=postgres}
20:27:04,011  INFO pooling:170 - HHH10001003: Autocommit mode: false
20:27:04,014  INFO pooling:366 - HHH10001115: Connection pool size: 20 (min=1)
20:27:04,238  WARN deprecation:152 - HHH90000025: PostgreSQLDialect does not need to be specified explicitly using 'hibernate.dialect' (remove the property setting and it will be selected by default)
20:27:05,159  INFO JtaPlatformInitiator:58 - HHH000489: No JTA platform available (set 'hibernate.transaction.jta.platform' to enable JTA platform integration)
20:27:05,172  INFO access:52 - HHH10001501: Connection obtained from JdbcConnectionAccess [org.hibernate.engine.jdbc.env.internal.JdbcEnvironmentInitiator$ConnectionProviderJdbcConnectionAccess@3dce6dd8] for (non-JTA) DDL execution was not in auto-commit mode; the Connection 'local transaction' will be committed and the Connection will be set into auto-commit mode.
20:27:05,634 DEBUG SQL:135 - select q1_0.id,q1_0.descricao from Quentinha q1_0 where q1_0.descricao=?
20:27:05,635 TRACE bind:24 - binding parameter (1:VARCHAR) <- [Feijao Preto, Arroz Branco, Salada Crua, Frango]
20:27:05,667 DEBUG SQL:135 - insert into Quentinha (descricao,id) values (?,?)
20:27:05,669 TRACE bind:24 - binding parameter (1:VARCHAR) <- [Feijao Preto, Arroz Branco, Salada Crua, Frango]
20:27:05,669 TRACE bind:24 - binding parameter (2:INTEGER) <- [0]
20:27:05,680 DEBUG SQL:135 - select q1_0.id,q1_0.descricao from Quentinha q1_0 where q1_0.descricao=?
20:27:05,680 TRACE bind:24 - binding parameter (1:VARCHAR) <- [Feijao Carioca, Arroz Integral, Salada de Tomate, Carne de Porco]
20:27:05,681 DEBUG SQL:135 - insert into Quentinha (descricao,id) values (?,?)
20:27:05,681 TRACE bind:24 - binding parameter (1:VARCHAR) <- [Feijao Carioca, Arroz Integral, Salada de Tomate, Carne de Porco]
20:27:05,681 TRACE bind:24 - binding parameter (2:INTEGER) <- [0]
20:27:05,697  WARN SqlExceptionHelper:145 - SQL Error: 0, SQLState: 23505
20:27:05,697 ERROR SqlExceptionHelper:150 - ERROR: duplicate key value violates unique constraint "quentinha_pkey"
  Detail: Key (id)=(0) already exists.
20:27:05,701  INFO pooling:601 - HHH10001008: Cleaning up connection pool [jdbc:postgresql://localhost:5432/quentinha]
